{"message":"Blah","stack":"Error: Blah\n    at exports.getAll (/home/alex/Code/Personal/nodejs-sandbox/vidly/controllers/genres.js:4:9)\n    at newFn (/home/alex/Code/Personal/nodejs-sandbox/vidly/node_modules/express-async-errors/index.js:25:20)\n    at Layer.handle [as handle_request] (/home/alex/Code/Personal/nodejs-sandbox/vidly/node_modules/express/lib/router/layer.js:95:5)\n    at next (/home/alex/Code/Personal/nodejs-sandbox/vidly/node_modules/express/lib/router/route.js:137:13)\n    at Route.dispatch (/home/alex/Code/Personal/nodejs-sandbox/vidly/node_modules/express/lib/router/route.js:112:3)\n    at newFn (/home/alex/Code/Personal/nodejs-sandbox/vidly/node_modules/express-async-errors/index.js:25:20)\n    at Layer.handle [as handle_request] (/home/alex/Code/Personal/nodejs-sandbox/vidly/node_modules/express/lib/router/layer.js:95:5)\n    at /home/alex/Code/Personal/nodejs-sandbox/vidly/node_modules/express/lib/router/index.js:281:22\n    at Function.process_params (/home/alex/Code/Personal/nodejs-sandbox/vidly/node_modules/express/lib/router/index.js:335:12)\n    at next (/home/alex/Code/Personal/nodejs-sandbox/vidly/node_modules/express/lib/router/index.js:275:10)\n    at Function.handle (/home/alex/Code/Personal/nodejs-sandbox/vidly/node_modules/express/lib/router/index.js:174:3)\n    at router (/home/alex/Code/Personal/nodejs-sandbox/vidly/node_modules/express/lib/router/index.js:47:12)\n    at newFn (/home/alex/Code/Personal/nodejs-sandbox/vidly/node_modules/express-async-errors/index.js:25:20)\n    at Layer.handle [as handle_request] (/home/alex/Code/Personal/nodejs-sandbox/vidly/node_modules/express/lib/router/layer.js:95:5)\n    at trim_prefix (/home/alex/Code/Personal/nodejs-sandbox/vidly/node_modules/express/lib/router/index.js:317:13)\n    at /home/alex/Code/Personal/nodejs-sandbox/vidly/node_modules/express/lib/router/index.js:284:7","level":"error","timestamp":"2018-06-05T20:30:54.469Z"}
{"level":"info","message":"Listening on port 3000...","timestamp":"2018-06-06T19:05:19.057Z"}
{"level":"info","message":"Listening on port 3000...","timestamp":"2018-06-06T19:05:42.150Z"}
{"level":"info","message":"Connected to MongoDB","timestamp":"2018-06-06T19:05:42.164Z"}
{"level":"info","message":"Listening on port 3000...","timestamp":"2018-06-06T19:06:33.703Z"}
{"level":"info","message":"Listening on port 3000...","timestamp":"2018-06-06T19:06:49.383Z"}
{"level":"info","message":"Listening on port 3000...","timestamp":"2018-06-06T19:07:27.226Z"}
{"level":"info","message":"Listening on port 3000...","timestamp":"2018-06-06T19:07:37.548Z"}
{"level":"info","message":"Connected to MongoDB","timestamp":"2018-06-06T19:07:37.561Z"}
{"level":"info","message":"Listening on port 3000...","timestamp":"2018-06-06T19:08:27.715Z"}
{"level":"info","message":"Connected to mongodb://localhost/vidly","timestamp":"2018-06-06T19:08:27.727Z"}
{"level":"info","message":"Listening on port 3000...","timestamp":"2018-06-06T19:08:46.341Z"}
{"level":"info","message":"Connected to mongodb://localhost/vidly","timestamp":"2018-06-06T19:08:46.355Z"}
{"level":"info","message":"Listening on port 3000...","timestamp":"2018-06-06T19:08:53.743Z"}
{"level":"info","message":"Connected to mongodb://localhost/vidly","timestamp":"2018-06-06T19:08:53.757Z"}
{"level":"info","message":"Listening on port 3000...","timestamp":"2018-06-06T19:09:04.992Z"}
{"level":"info","message":"Connected to mongodb://localhost/vidly","timestamp":"2018-06-06T19:09:05.009Z"}
{"level":"info","message":"Listening on port 3000...","timestamp":"2018-06-06T19:09:18.248Z"}
{"level":"info","message":"Connected to mongodb://localhost/vidly","timestamp":"2018-06-06T19:09:18.261Z"}
{"level":"info","message":"Listening on port 3000...","timestamp":"2018-06-06T19:09:22.479Z"}
{"level":"info","message":"Listening on port 3000...","timestamp":"2018-06-06T19:09:42.249Z"}
{"level":"info","message":"Listening on port 3000...","timestamp":"2018-06-06T19:09:46.497Z"}
{"level":"info","message":"Listening on port 3000...","timestamp":"2018-06-06T19:09:56.478Z"}
{"level":"info","message":"Listening on port 3000...","timestamp":"2018-06-06T19:10:02.500Z"}
{"level":"info","message":"Listening on port 3000...","timestamp":"2018-06-06T19:10:31.694Z"}
{"level":"info","message":"Listening on port 3000...","timestamp":"2018-06-06T19:10:57.740Z"}
{"level":"info","message":"Running in development mode","timestamp":"2018-06-06T19:11:15.435Z"}
{"level":"info","message":"Listening on port 3000...","timestamp":"2018-06-06T19:11:15.436Z"}
{"level":"info","message":"Running in development mode","timestamp":"2018-06-06T19:11:42.989Z"}
{"level":"info","message":"Listening on port 3000...","timestamp":"2018-06-06T19:11:42.990Z"}
{"level":"info","message":"Connected to mongodb://localhost/vidly","timestamp":"2018-06-06T19:11:43.003Z"}
{"level":"info","message":"Running in development mode","timestamp":"2018-06-06T19:11:55.438Z"}
{"level":"info","message":"Listening on port 3000...","timestamp":"2018-06-06T19:11:55.439Z"}
{"level":"info","message":"Connected to mongodb://localhost/vidly","timestamp":"2018-06-06T19:11:55.451Z"}
{"level":"info","message":"Running in development mode","timestamp":"2018-06-06T19:13:11.425Z"}
{"level":"info","message":"Listening on port 3000...","timestamp":"2018-06-06T19:13:11.426Z"}
{"level":"info","message":"Connected to mongodb://localhost/vidly","timestamp":"2018-06-06T19:13:11.439Z"}
{"level":"info","message":"Running in development mode","timestamp":"2018-06-06T19:13:22.574Z"}
{"level":"info","message":"Listening on port 3000...","timestamp":"2018-06-06T19:13:22.575Z"}
{"level":"info","message":"Connected to mongodb://localhost/vidly","timestamp":"2018-06-06T19:13:22.590Z"}
{"level":"info","message":"Running in development mode","timestamp":"2018-06-06T19:14:12.009Z"}
{"level":"info","message":"Listening on port 3000...","timestamp":"2018-06-06T19:14:12.010Z"}
{"level":"info","message":"Connected to mongodb://localhost/vidly","timestamp":"2018-06-06T19:14:12.024Z"}
{"level":"info","message":"Running in development mode","timestamp":"2018-06-06T19:14:22.713Z"}
{"level":"info","message":"Listening on port 3000...","timestamp":"2018-06-06T19:14:22.714Z"}
{"level":"info","message":"Connected to mongodb://localhost/vidly","timestamp":"2018-06-06T19:14:22.728Z"}
{"level":"info","message":"Running in development mode","timestamp":"2018-06-06T19:14:37.242Z"}
{"level":"info","message":"Listening on port 3000...","timestamp":"2018-06-06T19:14:37.243Z"}
{"level":"info","message":"Connected to mongodb://localhost/vidly","timestamp":"2018-06-06T19:14:37.255Z"}
{"level":"info","message":"Running in development mode","timestamp":"2018-06-06T19:14:48.540Z"}
{"level":"info","message":"Listening on port 3000...","timestamp":"2018-06-06T19:14:48.541Z"}
{"level":"info","message":"Connected to mongodb://localhost/vidly","timestamp":"2018-06-06T19:14:48.556Z"}
{"level":"info","message":"Running in development mode","timestamp":"2018-06-06T19:15:25.408Z"}
{"level":"info","message":"Listening on port 3000...","timestamp":"2018-06-06T19:15:25.409Z"}
{"level":"info","message":"Connected to mongodb://localhost/vidly","timestamp":"2018-06-06T19:15:25.421Z"}
{"level":"info","message":"Running in development mode","timestamp":"2018-06-06T19:15:29.382Z"}
{"level":"info","message":"Listening on port 3000...","timestamp":"2018-06-06T19:15:29.383Z"}
{"level":"info","message":"Connected to mongodb://localhost/vidly","timestamp":"2018-06-06T19:15:29.395Z"}
{"level":"info","message":"Running in development mode","timestamp":"2018-06-06T19:15:36.059Z"}
{"level":"info","message":"Listening on port 3000...","timestamp":"2018-06-06T19:15:36.060Z"}
{"level":"info","message":"Connected to mongodb://localhost/vidly","timestamp":"2018-06-06T19:15:36.073Z"}
{"level":"info","message":"Running in development mode","timestamp":"2018-06-06T19:15:41.957Z"}
{"level":"info","message":"Listening on port 3000...","timestamp":"2018-06-06T19:15:41.958Z"}
{"level":"info","message":"Connected to mongodb://localhost/vidly","timestamp":"2018-06-06T19:15:41.970Z"}
{"level":"info","message":"Running in development mode","timestamp":"2018-06-06T19:16:57.324Z"}
{"level":"info","message":"Listening on port 3000...","timestamp":"2018-06-06T19:16:57.325Z"}
{"level":"info","message":"Connected to mongodb://localhost/vidly","timestamp":"2018-06-06T19:16:57.338Z"}
{"level":"info","message":"Running in development mode","timestamp":"2018-06-06T19:17:02.472Z"}
{"level":"info","message":"Listening on port 3000...","timestamp":"2018-06-06T19:17:02.474Z"}
{"level":"info","message":"Connected to mongodb://localhost/vidly","timestamp":"2018-06-06T19:17:02.491Z"}
{"level":"info","message":"Running in development mode","timestamp":"2018-06-06T19:17:05.133Z"}
{"level":"info","message":"Listening on port 3000...","timestamp":"2018-06-06T19:17:05.134Z"}
{"level":"info","message":"Connected to mongodb://localhost/vidly","timestamp":"2018-06-06T19:17:05.147Z"}
{"level":"info","message":"Running in development mode","timestamp":"2018-06-06T19:18:26.996Z"}
{"level":"info","message":"Listening on port 3000...","timestamp":"2018-06-06T19:18:26.997Z"}
{"level":"info","message":"Connected to mongodb://localhost/vidly","timestamp":"2018-06-06T19:18:27.013Z"}
{"level":"info","message":"Running in development mode","timestamp":"2018-06-06T19:18:38.239Z"}
{"level":"info","message":"Listening on port 3000...","timestamp":"2018-06-06T19:18:38.240Z"}
{"level":"info","message":"Connected to mongodb://localhost/vidly","timestamp":"2018-06-06T19:18:38.253Z"}
{"level":"info","message":"Running in development mode","timestamp":"2018-06-06T19:19:18.449Z"}
{"level":"info","message":"Listening on port 3000...","timestamp":"2018-06-06T19:19:18.450Z"}
{"level":"info","message":"Connected to mongodb://localhost/vidly","timestamp":"2018-06-06T19:19:18.463Z"}
{"level":"info","message":"Running in development mode","timestamp":"2018-06-06T19:20:06.422Z"}
{"level":"info","message":"Listening on port 3000...","timestamp":"2018-06-06T19:20:06.423Z"}
{"level":"info","message":"Connected to mongodb://localhost/vidly","timestamp":"2018-06-06T19:20:06.437Z"}
{"level":"info","message":"Running in test mode","timestamp":"2018-06-06T19:22:33.506Z"}
{"level":"info","message":"Listening on port 3000...","timestamp":"2018-06-06T19:22:33.520Z"}
{"level":"info","message":"Connected to mongodb://localhost/vidly","timestamp":"2018-06-06T19:22:33.567Z"}
{"level":"info","message":"Running in test mode","timestamp":"2018-06-06T19:24:36.471Z"}
{"level":"info","message":"Listening on port 3000...","timestamp":"2018-06-06T19:24:36.474Z"}
{"level":"info","message":"Connected to mongodb://localhost/vidly_tests","timestamp":"2018-06-06T19:24:36.494Z"}
{"level":"info","message":"Running in test mode","timestamp":"2018-06-06T19:27:25.114Z"}
{"level":"info","message":"Listening on port 3000...","timestamp":"2018-06-06T19:27:25.115Z"}
{"level":"info","message":"Connected to mongodb://localhost/vidly_tests","timestamp":"2018-06-06T19:27:25.125Z"}
{"level":"info","message":"Running in test mode","timestamp":"2018-06-06T19:31:31.400Z"}
{"level":"info","message":"Listening on port 3000...","timestamp":"2018-06-06T19:31:31.401Z"}
{"level":"info","message":"Connected to mongodb://localhost/vidly_tests","timestamp":"2018-06-06T19:31:31.407Z"}
{"level":"info","message":"Running in test mode","timestamp":"2018-06-06T19:31:51.395Z"}
{"level":"info","message":"Listening on port 3000...","timestamp":"2018-06-06T19:31:51.396Z"}
{"level":"info","message":"Connected to mongodb://localhost/vidly_tests","timestamp":"2018-06-06T19:31:51.408Z"}
{"level":"info","message":"Running in test mode","timestamp":"2018-06-06T19:32:47.824Z"}
{"level":"info","message":"Listening on port 3000...","timestamp":"2018-06-06T19:32:47.825Z"}
{"level":"info","message":"Connected to mongodb://localhost/vidly_tests","timestamp":"2018-06-06T19:32:47.831Z"}
{"message":"Cast to ObjectId failed for value \"1\" at path \"_id\" for model \"Genre\"","stack":"CastError: Cast to ObjectId failed for value \"1\" at path \"_id\" for model \"Genre\"\n    at new CastError (/home/alex/Code/Personal/nodejs-sandbox/vidly/node_modules/mongoose/lib/error/cast.js:27:11)\n    at ObjectId.Object.<anonymous>.ObjectId.cast (/home/alex/Code/Personal/nodejs-sandbox/vidly/node_modules/mongoose/lib/schema/objectid.js:158:13)\n    at ObjectId.Object.<anonymous>.SchemaType.applySetters (/home/alex/Code/Personal/nodejs-sandbox/vidly/node_modules/mongoose/lib/schematype.js:724:12)\n    at ObjectId.Object.<anonymous>.SchemaType._castForQuery (/home/alex/Code/Personal/nodejs-sandbox/vidly/node_modules/mongoose/lib/schematype.js:1113:15)\n    at ObjectId.Object.<anonymous>.SchemaType.castForQuery (/home/alex/Code/Personal/nodejs-sandbox/vidly/node_modules/mongoose/lib/schematype.js:1103:15)\n    at ObjectId.Object.<anonymous>.SchemaType.castForQueryWrapper (/home/alex/Code/Personal/nodejs-sandbox/vidly/node_modules/mongoose/lib/schematype.js:1082:15)\n    at cast (/home/alex/Code/Personal/nodejs-sandbox/vidly/node_modules/mongoose/lib/cast.js:300:32)\n    at model.Query.Object.<anonymous>.Query.cast (/home/alex/Code/Personal/nodejs-sandbox/vidly/node_modules/mongoose/lib/query.js:3309:12)\n    at model.Query.Object.<anonymous>.Query._castConditions (/home/alex/Code/Personal/nodejs-sandbox/vidly/node_modules/mongoose/lib/query.js:1293:10)\n    at model.Query.Object.<anonymous>.Query._findOne (/home/alex/Code/Personal/nodejs-sandbox/vidly/node_modules/mongoose/lib/query.js:1518:8)\n    at process.nextTick (/home/alex/Code/Personal/nodejs-sandbox/vidly/node_modules/kareem/index.js:333:33)\n    at process._tickCallback (internal/process/next_tick.js:61:11)","name":"CastError","stringValue":"\"1\"","kind":"ObjectId","value":"1","path":"_id","level":"error","timestamp":"2018-06-06T19:32:47.877Z"}
{"level":"info","message":"Running in test mode","timestamp":"2018-06-06T19:32:55.049Z"}
{"level":"info","message":"Listening on port 3000...","timestamp":"2018-06-06T19:32:55.050Z"}
{"level":"info","message":"Connected to mongodb://localhost/vidly_tests","timestamp":"2018-06-06T19:32:55.056Z"}
{"message":"Cast to ObjectId failed for value \"1\" at path \"_id\" for model \"Genre\"","stack":"CastError: Cast to ObjectId failed for value \"1\" at path \"_id\" for model \"Genre\"\n    at new CastError (/home/alex/Code/Personal/nodejs-sandbox/vidly/node_modules/mongoose/lib/error/cast.js:27:11)\n    at ObjectId.Object.<anonymous>.ObjectId.cast (/home/alex/Code/Personal/nodejs-sandbox/vidly/node_modules/mongoose/lib/schema/objectid.js:158:13)\n    at ObjectId.Object.<anonymous>.SchemaType.applySetters (/home/alex/Code/Personal/nodejs-sandbox/vidly/node_modules/mongoose/lib/schematype.js:724:12)\n    at ObjectId.Object.<anonymous>.SchemaType._castForQuery (/home/alex/Code/Personal/nodejs-sandbox/vidly/node_modules/mongoose/lib/schematype.js:1113:15)\n    at ObjectId.Object.<anonymous>.SchemaType.castForQuery (/home/alex/Code/Personal/nodejs-sandbox/vidly/node_modules/mongoose/lib/schematype.js:1103:15)\n    at ObjectId.Object.<anonymous>.SchemaType.castForQueryWrapper (/home/alex/Code/Personal/nodejs-sandbox/vidly/node_modules/mongoose/lib/schematype.js:1082:15)\n    at cast (/home/alex/Code/Personal/nodejs-sandbox/vidly/node_modules/mongoose/lib/cast.js:300:32)\n    at model.Query.Object.<anonymous>.Query.cast (/home/alex/Code/Personal/nodejs-sandbox/vidly/node_modules/mongoose/lib/query.js:3309:12)\n    at model.Query.Object.<anonymous>.Query._castConditions (/home/alex/Code/Personal/nodejs-sandbox/vidly/node_modules/mongoose/lib/query.js:1293:10)\n    at model.Query.Object.<anonymous>.Query._findOne (/home/alex/Code/Personal/nodejs-sandbox/vidly/node_modules/mongoose/lib/query.js:1518:8)\n    at process.nextTick (/home/alex/Code/Personal/nodejs-sandbox/vidly/node_modules/kareem/index.js:333:33)\n    at process._tickCallback (internal/process/next_tick.js:61:11)","name":"CastError","stringValue":"\"1\"","kind":"ObjectId","value":"1","path":"_id","level":"error","timestamp":"2018-06-06T19:32:55.098Z"}
{"level":"info","message":"Running in development mode","timestamp":"2018-06-06T19:37:22.529Z"}
{"level":"info","message":"Listening on port 3000...","timestamp":"2018-06-06T19:37:22.530Z"}
{"level":"info","message":"Connected to mongodb://localhost/vidly","timestamp":"2018-06-06T19:37:22.542Z"}
{"message":"Cast to ObjectId failed for value \"1\" at path \"_id\" for model \"Genre\"","stack":"CastError: Cast to ObjectId failed for value \"1\" at path \"_id\" for model \"Genre\"\n    at new CastError (/home/alex/Code/Personal/nodejs-sandbox/vidly/node_modules/mongoose/lib/error/cast.js:27:11)\n    at ObjectId.cast (/home/alex/Code/Personal/nodejs-sandbox/vidly/node_modules/mongoose/lib/schema/objectid.js:158:13)\n    at ObjectId.SchemaType.applySetters (/home/alex/Code/Personal/nodejs-sandbox/vidly/node_modules/mongoose/lib/schematype.js:724:12)\n    at ObjectId.SchemaType._castForQuery (/home/alex/Code/Personal/nodejs-sandbox/vidly/node_modules/mongoose/lib/schematype.js:1113:15)\n    at ObjectId.SchemaType.castForQuery (/home/alex/Code/Personal/nodejs-sandbox/vidly/node_modules/mongoose/lib/schematype.js:1103:15)\n    at ObjectId.SchemaType.castForQueryWrapper (/home/alex/Code/Personal/nodejs-sandbox/vidly/node_modules/mongoose/lib/schematype.js:1082:15)\n    at cast (/home/alex/Code/Personal/nodejs-sandbox/vidly/node_modules/mongoose/lib/cast.js:300:32)\n    at model.Query.Query.cast (/home/alex/Code/Personal/nodejs-sandbox/vidly/node_modules/mongoose/lib/query.js:3309:12)\n    at model.Query.Query._castConditions (/home/alex/Code/Personal/nodejs-sandbox/vidly/node_modules/mongoose/lib/query.js:1293:10)\n    at model.Query.Query._findOne (/home/alex/Code/Personal/nodejs-sandbox/vidly/node_modules/mongoose/lib/query.js:1518:8)\n    at process.nextTick (/home/alex/Code/Personal/nodejs-sandbox/vidly/node_modules/kareem/index.js:333:33)\n    at process._tickCallback (internal/process/next_tick.js:61:11)","name":"CastError","stringValue":"\"1\"","kind":"ObjectId","value":"1","path":"_id","level":"error","timestamp":"2018-06-06T19:37:39.760Z"}
{"message":"Cast to ObjectId failed for value \"111111111111111111\" at path \"_id\" for model \"Genre\"","stack":"CastError: Cast to ObjectId failed for value \"111111111111111111\" at path \"_id\" for model \"Genre\"\n    at new CastError (/home/alex/Code/Personal/nodejs-sandbox/vidly/node_modules/mongoose/lib/error/cast.js:27:11)\n    at ObjectId.cast (/home/alex/Code/Personal/nodejs-sandbox/vidly/node_modules/mongoose/lib/schema/objectid.js:158:13)\n    at ObjectId.SchemaType.applySetters (/home/alex/Code/Personal/nodejs-sandbox/vidly/node_modules/mongoose/lib/schematype.js:724:12)\n    at ObjectId.SchemaType._castForQuery (/home/alex/Code/Personal/nodejs-sandbox/vidly/node_modules/mongoose/lib/schematype.js:1113:15)\n    at ObjectId.SchemaType.castForQuery (/home/alex/Code/Personal/nodejs-sandbox/vidly/node_modules/mongoose/lib/schematype.js:1103:15)\n    at ObjectId.SchemaType.castForQueryWrapper (/home/alex/Code/Personal/nodejs-sandbox/vidly/node_modules/mongoose/lib/schematype.js:1082:15)\n    at cast (/home/alex/Code/Personal/nodejs-sandbox/vidly/node_modules/mongoose/lib/cast.js:300:32)\n    at model.Query.Query.cast (/home/alex/Code/Personal/nodejs-sandbox/vidly/node_modules/mongoose/lib/query.js:3309:12)\n    at model.Query.Query._castConditions (/home/alex/Code/Personal/nodejs-sandbox/vidly/node_modules/mongoose/lib/query.js:1293:10)\n    at model.Query.Query._findOne (/home/alex/Code/Personal/nodejs-sandbox/vidly/node_modules/mongoose/lib/query.js:1518:8)\n    at process.nextTick (/home/alex/Code/Personal/nodejs-sandbox/vidly/node_modules/kareem/index.js:333:33)\n    at process._tickCallback (internal/process/next_tick.js:61:11)","name":"CastError","stringValue":"\"111111111111111111\"","kind":"ObjectId","value":"111111111111111111","path":"_id","level":"error","timestamp":"2018-06-06T19:38:38.650Z"}
{"message":"Cast to ObjectId failed for value \"1111111111111111111\" at path \"_id\" for model \"Genre\"","stack":"CastError: Cast to ObjectId failed for value \"1111111111111111111\" at path \"_id\" for model \"Genre\"\n    at new CastError (/home/alex/Code/Personal/nodejs-sandbox/vidly/node_modules/mongoose/lib/error/cast.js:27:11)\n    at ObjectId.cast (/home/alex/Code/Personal/nodejs-sandbox/vidly/node_modules/mongoose/lib/schema/objectid.js:158:13)\n    at ObjectId.SchemaType.applySetters (/home/alex/Code/Personal/nodejs-sandbox/vidly/node_modules/mongoose/lib/schematype.js:724:12)\n    at ObjectId.SchemaType._castForQuery (/home/alex/Code/Personal/nodejs-sandbox/vidly/node_modules/mongoose/lib/schematype.js:1113:15)\n    at ObjectId.SchemaType.castForQuery (/home/alex/Code/Personal/nodejs-sandbox/vidly/node_modules/mongoose/lib/schematype.js:1103:15)\n    at ObjectId.SchemaType.castForQueryWrapper (/home/alex/Code/Personal/nodejs-sandbox/vidly/node_modules/mongoose/lib/schematype.js:1082:15)\n    at cast (/home/alex/Code/Personal/nodejs-sandbox/vidly/node_modules/mongoose/lib/cast.js:300:32)\n    at model.Query.Query.cast (/home/alex/Code/Personal/nodejs-sandbox/vidly/node_modules/mongoose/lib/query.js:3309:12)\n    at model.Query.Query._castConditions (/home/alex/Code/Personal/nodejs-sandbox/vidly/node_modules/mongoose/lib/query.js:1293:10)\n    at model.Query.Query._findOne (/home/alex/Code/Personal/nodejs-sandbox/vidly/node_modules/mongoose/lib/query.js:1518:8)\n    at process.nextTick (/home/alex/Code/Personal/nodejs-sandbox/vidly/node_modules/kareem/index.js:333:33)\n    at process._tickCallback (internal/process/next_tick.js:61:11)","name":"CastError","stringValue":"\"1111111111111111111\"","kind":"ObjectId","value":"1111111111111111111","path":"_id","level":"error","timestamp":"2018-06-06T19:38:42.873Z"}
{"message":"Cast to ObjectId failed for value \"11111111111111111111\" at path \"_id\" for model \"Genre\"","stack":"CastError: Cast to ObjectId failed for value \"11111111111111111111\" at path \"_id\" for model \"Genre\"\n    at new CastError (/home/alex/Code/Personal/nodejs-sandbox/vidly/node_modules/mongoose/lib/error/cast.js:27:11)\n    at ObjectId.cast (/home/alex/Code/Personal/nodejs-sandbox/vidly/node_modules/mongoose/lib/schema/objectid.js:158:13)\n    at ObjectId.SchemaType.applySetters (/home/alex/Code/Personal/nodejs-sandbox/vidly/node_modules/mongoose/lib/schematype.js:724:12)\n    at ObjectId.SchemaType._castForQuery (/home/alex/Code/Personal/nodejs-sandbox/vidly/node_modules/mongoose/lib/schematype.js:1113:15)\n    at ObjectId.SchemaType.castForQuery (/home/alex/Code/Personal/nodejs-sandbox/vidly/node_modules/mongoose/lib/schematype.js:1103:15)\n    at ObjectId.SchemaType.castForQueryWrapper (/home/alex/Code/Personal/nodejs-sandbox/vidly/node_modules/mongoose/lib/schematype.js:1082:15)\n    at cast (/home/alex/Code/Personal/nodejs-sandbox/vidly/node_modules/mongoose/lib/cast.js:300:32)\n    at model.Query.Query.cast (/home/alex/Code/Personal/nodejs-sandbox/vidly/node_modules/mongoose/lib/query.js:3309:12)\n    at model.Query.Query._castConditions (/home/alex/Code/Personal/nodejs-sandbox/vidly/node_modules/mongoose/lib/query.js:1293:10)\n    at model.Query.Query._findOne (/home/alex/Code/Personal/nodejs-sandbox/vidly/node_modules/mongoose/lib/query.js:1518:8)\n    at process.nextTick (/home/alex/Code/Personal/nodejs-sandbox/vidly/node_modules/kareem/index.js:333:33)\n    at process._tickCallback (internal/process/next_tick.js:61:11)","name":"CastError","stringValue":"\"11111111111111111111\"","kind":"ObjectId","value":"11111111111111111111","path":"_id","level":"error","timestamp":"2018-06-06T19:38:46.051Z"}
{"level":"info","message":"Running in test mode","timestamp":"2018-06-06T19:41:09.865Z"}
{"level":"info","message":"Listening on port 3000...","timestamp":"2018-06-06T19:41:09.869Z"}
{"level":"info","message":"Connected to mongodb://localhost/vidly_tests","timestamp":"2018-06-06T19:41:09.889Z"}
{"message":"Cast to ObjectId failed for value \"1\" at path \"_id\" for model \"Genre\"","stack":"CastError: Cast to ObjectId failed for value \"1\" at path \"_id\" for model \"Genre\"\n    at new CastError (/home/alex/Code/Personal/nodejs-sandbox/vidly/node_modules/mongoose/lib/error/cast.js:27:11)\n    at ObjectId.Object.<anonymous>.ObjectId.cast (/home/alex/Code/Personal/nodejs-sandbox/vidly/node_modules/mongoose/lib/schema/objectid.js:158:13)\n    at ObjectId.Object.<anonymous>.SchemaType.applySetters (/home/alex/Code/Personal/nodejs-sandbox/vidly/node_modules/mongoose/lib/schematype.js:724:12)\n    at ObjectId.Object.<anonymous>.SchemaType._castForQuery (/home/alex/Code/Personal/nodejs-sandbox/vidly/node_modules/mongoose/lib/schematype.js:1113:15)\n    at ObjectId.Object.<anonymous>.SchemaType.castForQuery (/home/alex/Code/Personal/nodejs-sandbox/vidly/node_modules/mongoose/lib/schematype.js:1103:15)\n    at ObjectId.Object.<anonymous>.SchemaType.castForQueryWrapper (/home/alex/Code/Personal/nodejs-sandbox/vidly/node_modules/mongoose/lib/schematype.js:1082:15)\n    at cast (/home/alex/Code/Personal/nodejs-sandbox/vidly/node_modules/mongoose/lib/cast.js:300:32)\n    at model.Query.Object.<anonymous>.Query.cast (/home/alex/Code/Personal/nodejs-sandbox/vidly/node_modules/mongoose/lib/query.js:3309:12)\n    at model.Query.Object.<anonymous>.Query._castConditions (/home/alex/Code/Personal/nodejs-sandbox/vidly/node_modules/mongoose/lib/query.js:1293:10)\n    at model.Query.Object.<anonymous>.Query._findOne (/home/alex/Code/Personal/nodejs-sandbox/vidly/node_modules/mongoose/lib/query.js:1518:8)\n    at process.nextTick (/home/alex/Code/Personal/nodejs-sandbox/vidly/node_modules/kareem/index.js:333:33)\n    at process._tickCallback (internal/process/next_tick.js:61:11)","name":"CastError","stringValue":"\"1\"","kind":"ObjectId","value":"1","path":"_id","level":"error","timestamp":"2018-06-06T19:41:09.955Z"}
{"level":"info","message":"Running in test mode","timestamp":"2018-06-06T19:41:20.685Z"}
{"level":"info","message":"Listening on port 3000...","timestamp":"2018-06-06T19:41:20.686Z"}
{"level":"info","message":"Connected to mongodb://localhost/vidly_tests","timestamp":"2018-06-06T19:41:20.700Z"}
{"level":"info","message":"Running in test mode","timestamp":"2018-06-06T19:41:36.063Z"}
{"level":"info","message":"Listening on port 3000...","timestamp":"2018-06-06T19:41:36.064Z"}
{"level":"info","message":"Connected to mongodb://localhost/vidly_tests","timestamp":"2018-06-06T19:41:36.070Z"}
{"level":"info","message":"Running in test mode","timestamp":"2018-06-06T19:44:08.701Z"}
{"level":"info","message":"Listening on port 3000...","timestamp":"2018-06-06T19:44:08.702Z"}
{"level":"info","message":"Connected to mongodb://localhost/vidly_tests","timestamp":"2018-06-06T19:44:08.707Z"}
{"message":"Cast to ObjectId failed for value \"1\" at path \"_id\" for model \"Genre\"","stack":"CastError: Cast to ObjectId failed for value \"1\" at path \"_id\" for model \"Genre\"\n    at new CastError (/home/alex/Code/Personal/nodejs-sandbox/vidly/node_modules/mongoose/lib/error/cast.js:27:11)\n    at ObjectId.Object.<anonymous>.ObjectId.cast (/home/alex/Code/Personal/nodejs-sandbox/vidly/node_modules/mongoose/lib/schema/objectid.js:158:13)\n    at ObjectId.Object.<anonymous>.SchemaType.applySetters (/home/alex/Code/Personal/nodejs-sandbox/vidly/node_modules/mongoose/lib/schematype.js:724:12)\n    at ObjectId.Object.<anonymous>.SchemaType._castForQuery (/home/alex/Code/Personal/nodejs-sandbox/vidly/node_modules/mongoose/lib/schematype.js:1113:15)\n    at ObjectId.Object.<anonymous>.SchemaType.castForQuery (/home/alex/Code/Personal/nodejs-sandbox/vidly/node_modules/mongoose/lib/schematype.js:1103:15)\n    at ObjectId.Object.<anonymous>.SchemaType.castForQueryWrapper (/home/alex/Code/Personal/nodejs-sandbox/vidly/node_modules/mongoose/lib/schematype.js:1082:15)\n    at cast (/home/alex/Code/Personal/nodejs-sandbox/vidly/node_modules/mongoose/lib/cast.js:300:32)\n    at model.Query.Object.<anonymous>.Query.cast (/home/alex/Code/Personal/nodejs-sandbox/vidly/node_modules/mongoose/lib/query.js:3309:12)\n    at castQuery (/home/alex/Code/Personal/nodejs-sandbox/vidly/node_modules/mongoose/lib/query.js:3198:18)\n    at model.Query.Object.<anonymous>.Query._findAndModify (/home/alex/Code/Personal/nodejs-sandbox/vidly/node_modules/mongoose/lib/query.js:2406:17)\n    at model.Query.Object.<anonymous>.Query._findOneAndUpdate (/home/alex/Code/Personal/nodejs-sandbox/vidly/node_modules/mongoose/lib/query.js:2166:8)\n    at process.nextTick (/home/alex/Code/Personal/nodejs-sandbox/vidly/node_modules/kareem/index.js:333:33)\n    at process._tickCallback (internal/process/next_tick.js:61:11)","name":"CastError","stringValue":"\"1\"","kind":"ObjectId","value":"1","path":"_id","level":"error","timestamp":"2018-06-06T19:44:08.770Z"}
{"level":"info","message":"Running in test mode","timestamp":"2018-06-06T19:45:21.998Z"}
{"level":"info","message":"Listening on port 3000...","timestamp":"2018-06-06T19:45:21.999Z"}
{"level":"info","message":"Connected to mongodb://localhost/vidly_tests","timestamp":"2018-06-06T19:45:22.005Z"}
{"message":"Cast to ObjectId failed for value \"1.2345678901234569e+23\" at path \"_id\" for model \"Genre\"","stack":"CastError: Cast to ObjectId failed for value \"1.2345678901234569e+23\" at path \"_id\" for model \"Genre\"\n    at new CastError (/home/alex/Code/Personal/nodejs-sandbox/vidly/node_modules/mongoose/lib/error/cast.js:27:11)\n    at ObjectId.Object.<anonymous>.ObjectId.cast (/home/alex/Code/Personal/nodejs-sandbox/vidly/node_modules/mongoose/lib/schema/objectid.js:158:13)\n    at ObjectId.Object.<anonymous>.SchemaType.applySetters (/home/alex/Code/Personal/nodejs-sandbox/vidly/node_modules/mongoose/lib/schematype.js:724:12)\n    at ObjectId.Object.<anonymous>.SchemaType._castForQuery (/home/alex/Code/Personal/nodejs-sandbox/vidly/node_modules/mongoose/lib/schematype.js:1113:15)\n    at ObjectId.Object.<anonymous>.SchemaType.castForQuery (/home/alex/Code/Personal/nodejs-sandbox/vidly/node_modules/mongoose/lib/schematype.js:1103:15)\n    at ObjectId.Object.<anonymous>.SchemaType.castForQueryWrapper (/home/alex/Code/Personal/nodejs-sandbox/vidly/node_modules/mongoose/lib/schematype.js:1082:15)\n    at cast (/home/alex/Code/Personal/nodejs-sandbox/vidly/node_modules/mongoose/lib/cast.js:300:32)\n    at model.Query.Object.<anonymous>.Query.cast (/home/alex/Code/Personal/nodejs-sandbox/vidly/node_modules/mongoose/lib/query.js:3309:12)\n    at castQuery (/home/alex/Code/Personal/nodejs-sandbox/vidly/node_modules/mongoose/lib/query.js:3198:18)\n    at model.Query.Object.<anonymous>.Query._findAndModify (/home/alex/Code/Personal/nodejs-sandbox/vidly/node_modules/mongoose/lib/query.js:2406:17)\n    at model.Query.Object.<anonymous>.Query._findOneAndUpdate (/home/alex/Code/Personal/nodejs-sandbox/vidly/node_modules/mongoose/lib/query.js:2166:8)\n    at process.nextTick (/home/alex/Code/Personal/nodejs-sandbox/vidly/node_modules/kareem/index.js:333:33)\n    at process._tickCallback (internal/process/next_tick.js:61:11)","name":"CastError","stringValue":"\"1.2345678901234569e+23\"","kind":"ObjectId","value":"1.2345678901234569e+23","path":"_id","level":"error","timestamp":"2018-06-06T19:45:22.068Z"}
{"level":"info","message":"Running in test mode","timestamp":"2018-06-06T19:46:04.707Z"}
{"level":"info","message":"Listening on port 3000...","timestamp":"2018-06-06T19:46:04.708Z"}
{"level":"info","message":"Connected to mongodb://localhost/vidly_tests","timestamp":"2018-06-06T19:46:04.714Z"}
{"message":"Cast to ObjectId failed for value \"1.234567891234568e+23\" at path \"_id\" for model \"Genre\"","stack":"CastError: Cast to ObjectId failed for value \"1.234567891234568e+23\" at path \"_id\" for model \"Genre\"\n    at new CastError (/home/alex/Code/Personal/nodejs-sandbox/vidly/node_modules/mongoose/lib/error/cast.js:27:11)\n    at ObjectId.Object.<anonymous>.ObjectId.cast (/home/alex/Code/Personal/nodejs-sandbox/vidly/node_modules/mongoose/lib/schema/objectid.js:158:13)\n    at ObjectId.Object.<anonymous>.SchemaType.applySetters (/home/alex/Code/Personal/nodejs-sandbox/vidly/node_modules/mongoose/lib/schematype.js:724:12)\n    at ObjectId.Object.<anonymous>.SchemaType._castForQuery (/home/alex/Code/Personal/nodejs-sandbox/vidly/node_modules/mongoose/lib/schematype.js:1113:15)\n    at ObjectId.Object.<anonymous>.SchemaType.castForQuery (/home/alex/Code/Personal/nodejs-sandbox/vidly/node_modules/mongoose/lib/schematype.js:1103:15)\n    at ObjectId.Object.<anonymous>.SchemaType.castForQueryWrapper (/home/alex/Code/Personal/nodejs-sandbox/vidly/node_modules/mongoose/lib/schematype.js:1082:15)\n    at cast (/home/alex/Code/Personal/nodejs-sandbox/vidly/node_modules/mongoose/lib/cast.js:300:32)\n    at model.Query.Object.<anonymous>.Query.cast (/home/alex/Code/Personal/nodejs-sandbox/vidly/node_modules/mongoose/lib/query.js:3309:12)\n    at castQuery (/home/alex/Code/Personal/nodejs-sandbox/vidly/node_modules/mongoose/lib/query.js:3198:18)\n    at model.Query.Object.<anonymous>.Query._findAndModify (/home/alex/Code/Personal/nodejs-sandbox/vidly/node_modules/mongoose/lib/query.js:2406:17)\n    at model.Query.Object.<anonymous>.Query._findOneAndUpdate (/home/alex/Code/Personal/nodejs-sandbox/vidly/node_modules/mongoose/lib/query.js:2166:8)\n    at process.nextTick (/home/alex/Code/Personal/nodejs-sandbox/vidly/node_modules/kareem/index.js:333:33)\n    at process._tickCallback (internal/process/next_tick.js:61:11)","name":"CastError","stringValue":"\"1.234567891234568e+23\"","kind":"ObjectId","value":"1.234567891234568e+23","path":"_id","level":"error","timestamp":"2018-06-06T19:46:04.791Z"}
{"level":"info","message":"Running in test mode","timestamp":"2018-06-06T19:46:37.747Z"}
{"level":"info","message":"Listening on port 3000...","timestamp":"2018-06-06T19:46:37.748Z"}
{"level":"info","message":"Connected to mongodb://localhost/vidly_tests","timestamp":"2018-06-06T19:46:37.754Z"}
{"level":"info","message":"Running in test mode","timestamp":"2018-06-06T19:48:15.502Z"}
{"level":"info","message":"Listening on port 3000...","timestamp":"2018-06-06T19:48:15.503Z"}
{"level":"info","message":"Connected to mongodb://localhost/vidly_tests","timestamp":"2018-06-06T19:48:15.509Z"}
{"level":"info","message":"Running in test mode","timestamp":"2018-06-06T19:49:22.864Z"}
{"level":"info","message":"Listening on port 3000...","timestamp":"2018-06-06T19:49:22.865Z"}
{"level":"info","message":"Connected to mongodb://localhost/vidly_tests","timestamp":"2018-06-06T19:49:22.870Z"}
{"level":"info","message":"Running in test mode","timestamp":"2018-06-06T19:49:49.097Z"}
{"level":"info","message":"Listening on port 3000...","timestamp":"2018-06-06T19:49:49.098Z"}
{"level":"info","message":"Connected to mongodb://localhost/vidly_tests","timestamp":"2018-06-06T19:49:49.103Z"}
{"level":"info","message":"Running in test mode","timestamp":"2018-06-06T19:50:09.748Z"}
{"level":"info","message":"Listening on port 3000...","timestamp":"2018-06-06T19:50:09.749Z"}
{"level":"info","message":"Connected to mongodb://localhost/vidly_tests","timestamp":"2018-06-06T19:50:09.755Z"}
{"level":"info","message":"Running in test mode","timestamp":"2018-06-06T19:51:19.604Z"}
{"level":"info","message":"Listening on port 3000...","timestamp":"2018-06-06T19:51:19.605Z"}
{"level":"info","message":"Connected to mongodb://localhost/vidly_tests","timestamp":"2018-06-06T19:51:19.611Z"}
{"level":"info","message":"Running in test mode","timestamp":"2018-06-06T19:51:40.830Z"}
{"level":"info","message":"Listening on port 3000...","timestamp":"2018-06-06T19:51:40.831Z"}
{"level":"info","message":"Connected to mongodb://localhost/vidly_tests","timestamp":"2018-06-06T19:51:40.839Z"}
{"level":"info","message":"Running in test mode","timestamp":"2018-06-06T19:52:20.894Z"}
{"level":"info","message":"Listening on port 3000...","timestamp":"2018-06-06T19:52:20.895Z"}
{"level":"info","message":"Connected to mongodb://localhost/vidly_tests","timestamp":"2018-06-06T19:52:20.901Z"}
{"level":"info","message":"Running in test mode","timestamp":"2018-06-06T19:52:51.558Z"}
{"level":"info","message":"Listening on port 3000...","timestamp":"2018-06-06T19:52:51.559Z"}
{"level":"info","message":"Connected to mongodb://localhost/vidly_tests","timestamp":"2018-06-06T19:52:51.564Z"}
{"level":"info","message":"Running in test mode","timestamp":"2018-06-06T19:53:03.580Z"}
{"level":"info","message":"Listening on port 3000...","timestamp":"2018-06-06T19:53:03.581Z"}
{"level":"info","message":"Connected to mongodb://localhost/vidly_tests","timestamp":"2018-06-06T19:53:03.587Z"}
{"level":"info","message":"Running in test mode","timestamp":"2018-06-06T19:56:41.442Z"}
{"level":"info","message":"Listening on port 3000...","timestamp":"2018-06-06T19:56:41.443Z"}
{"level":"info","message":"Connected to mongodb://localhost/vidly_tests","timestamp":"2018-06-06T19:56:41.449Z"}
{"level":"info","message":"Running in test mode","timestamp":"2018-06-06T19:56:51.055Z"}
{"level":"info","message":"Listening on port 3000...","timestamp":"2018-06-06T19:56:51.056Z"}
{"level":"info","message":"Connected to mongodb://localhost/vidly_tests","timestamp":"2018-06-06T19:56:51.062Z"}
{"level":"info","message":"Running in test mode","timestamp":"2018-06-06T19:57:03.300Z"}
{"level":"info","message":"Listening on port 3000...","timestamp":"2018-06-06T19:57:03.301Z"}
{"level":"info","message":"Connected to mongodb://localhost/vidly_tests","timestamp":"2018-06-06T19:57:03.309Z"}
{"level":"info","message":"Running in test mode","timestamp":"2018-06-06T19:57:15.358Z"}
{"level":"info","message":"Listening on port 3000...","timestamp":"2018-06-06T19:57:15.359Z"}
{"level":"info","message":"Connected to mongodb://localhost/vidly_tests","timestamp":"2018-06-06T19:57:15.374Z"}
{"level":"info","message":"Running in test mode","timestamp":"2018-06-06T19:57:47.913Z"}
{"level":"info","message":"Listening on port 3000...","timestamp":"2018-06-06T19:57:47.914Z"}
{"level":"info","message":"Connected to mongodb://localhost/vidly_tests","timestamp":"2018-06-06T19:57:47.920Z"}
{"level":"info","message":"Running in test mode","timestamp":"2018-06-06T19:58:29.559Z"}
{"level":"info","message":"Listening on port 3000...","timestamp":"2018-06-06T19:58:29.560Z"}
{"level":"info","message":"Connected to mongodb://localhost/vidly_tests","timestamp":"2018-06-06T19:58:29.572Z"}
{"level":"info","message":"Running in test mode","timestamp":"2018-06-06T19:59:32.694Z"}
{"level":"info","message":"Listening on port 3000...","timestamp":"2018-06-06T19:59:32.695Z"}
{"level":"info","message":"Connected to mongodb://localhost/vidly_tests","timestamp":"2018-06-06T19:59:32.701Z"}
{"level":"info","message":"Running in test mode","timestamp":"2018-06-06T19:59:37.099Z"}
{"level":"info","message":"Listening on port 3000...","timestamp":"2018-06-06T19:59:37.100Z"}
{"level":"info","message":"Connected to mongodb://localhost/vidly_tests","timestamp":"2018-06-06T19:59:37.105Z"}
{"level":"info","message":"Running in test mode","timestamp":"2018-06-06T20:00:36.525Z"}
{"level":"info","message":"Listening on port 3000...","timestamp":"2018-06-06T20:00:36.526Z"}
{"level":"info","message":"Connected to mongodb://localhost/vidly_tests","timestamp":"2018-06-06T20:00:36.531Z"}
